[debug] [2021-08-26T10:36:36.464Z] ----------------------------------------------------------------------
[debug] [2021-08-26T10:36:36.466Z] Command:       /usr/local/bin/node /usr/local/bin/firebase deploy
[debug] [2021-08-26T10:36:36.466Z] CLI Version:   9.16.5
[debug] [2021-08-26T10:36:36.466Z] Platform:      darwin
[debug] [2021-08-26T10:36:36.466Z] Node Version:  v14.16.1
[debug] [2021-08-26T10:36:36.470Z] Time:          Thu Aug 26 2021 10:36:36 GMT+0000 (Greenwich Mean Time)
[debug] [2021-08-26T10:36:36.470Z] ----------------------------------------------------------------------
[debug] 
[debug] [2021-08-26T10:36:36.526Z] > command requires scopes: ["email","openid","https://www.googleapis.com/auth/cloudplatformprojects.readonly","https://www.googleapis.com/auth/firebase","https://www.googleapis.com/auth/cloud-platform"]
[debug] [2021-08-26T10:36:36.527Z] > authorizing via signed-in user (xadimjaxate@gmail.com)
[debug] [2021-08-26T10:36:36.527Z] [iam] checking project cake-fact for permissions ["firebase.projects.get","firebasehosting.sites.update"]
[debug] [2021-08-26T10:36:36.529Z] > refreshing access token with scopes: ["email","https://www.googleapis.com/auth/cloud-platform","https://www.googleapis.com/auth/cloudplatformprojects.readonly","https://www.googleapis.com/auth/firebase","openid"]
[debug] [2021-08-26T10:36:36.529Z] >>> HTTP REQUEST POST https://www.googleapis.com/oauth2/v3/token  
 <request body omitted>
[debug] [2021-08-26T10:36:36.952Z] <<< HTTP RESPONSE 200 {"cache-control":"no-cache, no-store, max-age=0, must-revalidate","expires":"Mon, 01 Jan 1990 00:00:00 GMT","pragma":"no-cache","date":"Thu, 26 Aug 2021 10:36:37 GMT","content-type":"application/json; charset=utf-8","vary":"X-Origin, Referer, Origin,Accept-Encoding","server":"scaffolding on HTTPServer2","x-xss-protection":"0","x-frame-options":"SAMEORIGIN","x-content-type-options":"nosniff","alt-svc":"h3=\":443\"; ma=2592000,h3-29=\":443\"; ma=2592000,h3-T051=\":443\"; ma=2592000,h3-Q050=\":443\"; ma=2592000,h3-Q046=\":443\"; ma=2592000,h3-Q043=\":443\"; ma=2592000,quic=\":443\"; ma=2592000; v=\"46,43\"","accept-ranges":"none","transfer-encoding":"chunked"}
[debug] [2021-08-26T10:36:37.001Z] >>> HTTP REQUEST POST https://cloudresourcemanager.googleapis.com/v1/projects/cake-fact:testIamPermissions  
 {"permissions":["firebase.projects.get","firebasehosting.sites.update"]}
[debug] [2021-08-26T10:36:40.469Z] <<< HTTP RESPONSE 200 {"content-type":"application/json; charset=UTF-8","vary":"X-Origin, Referer, Origin,Accept-Encoding","date":"Thu, 26 Aug 2021 10:36:40 GMT","server":"ESF","cache-control":"private","x-xss-protection":"0","x-frame-options":"SAMEORIGIN","x-content-type-options":"nosniff","server-timing":"gfet4t7; dur=632","alt-svc":"h3=\":443\"; ma=2592000,h3-29=\":443\"; ma=2592000,h3-T051=\":443\"; ma=2592000,h3-Q050=\":443\"; ma=2592000,h3-Q046=\":443\"; ma=2592000,h3-Q043=\":443\"; ma=2592000,quic=\":443\"; ma=2592000; v=\"46,43\"","accept-ranges":"none","transfer-encoding":"chunked"}
[debug] [2021-08-26T10:36:40.470Z] > refreshing access token with scopes: []
[debug] [2021-08-26T10:36:40.471Z] >>> HTTP REQUEST POST https://www.googleapis.com/oauth2/v3/token  
 <request body omitted>
[debug] [2021-08-26T10:36:42.945Z] <<< HTTP RESPONSE 200 {"pragma":"no-cache","date":"Thu, 26 Aug 2021 10:36:43 GMT","cache-control":"no-cache, no-store, max-age=0, must-revalidate","expires":"Mon, 01 Jan 1990 00:00:00 GMT","content-type":"application/json; charset=utf-8","vary":"X-Origin, Referer, Origin,Accept-Encoding","server":"scaffolding on HTTPServer2","x-xss-protection":"0","x-frame-options":"SAMEORIGIN","x-content-type-options":"nosniff","alt-svc":"h3=\":443\"; ma=2592000,h3-29=\":443\"; ma=2592000,h3-T051=\":443\"; ma=2592000,h3-Q050=\":443\"; ma=2592000,h3-Q046=\":443\"; ma=2592000,h3-Q043=\":443\"; ma=2592000,quic=\":443\"; ma=2592000; v=\"46,43\"","accept-ranges":"none","transfer-encoding":"chunked"}
[debug] [2021-08-26T10:36:42.989Z] >>> [apiv2][query] GET https://firebase.googleapis.com/v1beta1/projects/cake-fact [none]
[debug] [2021-08-26T10:36:43.841Z] <<< [apiv2][status] GET https://firebase.googleapis.com/v1beta1/projects/cake-fact 200
[debug] [2021-08-26T10:36:43.841Z] <<< [apiv2][body] GET https://firebase.googleapis.com/v1beta1/projects/cake-fact {"projectId":"cake-fact","projectNumber":"974413850288","displayName":"cake-factory","name":"projects/cake-fact","resources":{"hostingSite":"cake-fact"},"state":"ACTIVE"}
[info] 
[info] === Deploying to 'cake-fact'...
[info] 
[info] i  deploying hosting 
[debug] [2021-08-26T10:36:43.845Z] > refreshing access token with scopes: ["email","https://www.googleapis.com/auth/cloud-platform","https://www.googleapis.com/auth/cloudplatformprojects.readonly","https://www.googleapis.com/auth/firebase","openid"]
[debug] [2021-08-26T10:36:43.845Z] >>> HTTP REQUEST POST https://www.googleapis.com/oauth2/v3/token  
 <request body omitted>
[debug] [2021-08-26T10:36:44.291Z] <<< HTTP RESPONSE 200 {"pragma":"no-cache","cache-control":"no-cache, no-store, max-age=0, must-revalidate","expires":"Mon, 01 Jan 1990 00:00:00 GMT","date":"Thu, 26 Aug 2021 10:36:44 GMT","content-type":"application/json; charset=utf-8","vary":"X-Origin, Referer, Origin,Accept-Encoding","server":"scaffolding on HTTPServer2","x-xss-protection":"0","x-frame-options":"SAMEORIGIN","x-content-type-options":"nosniff","alt-svc":"h3=\":443\"; ma=2592000,h3-29=\":443\"; ma=2592000,h3-T051=\":443\"; ma=2592000,h3-Q050=\":443\"; ma=2592000,h3-Q046=\":443\"; ma=2592000,h3-Q043=\":443\"; ma=2592000,quic=\":443\"; ma=2592000; v=\"46,43\"","accept-ranges":"none","transfer-encoding":"chunked"}
[debug] [2021-08-26T10:36:44.358Z] >>> HTTP REQUEST POST https://firebasehosting.googleapis.com/v1beta1/sites/cake-fact/versions  
 {"config":{"rewrites":[{"glob":"**","path":"/index.html"}]},"labels":{"deployment-tool":"cli-firebase"}}
[debug] [2021-08-26T10:36:46.105Z] <<< HTTP RESPONSE 200 {"content-type":"application/json; charset=UTF-8","vary":"X-Origin, Referer, Origin,Accept-Encoding","date":"Thu, 26 Aug 2021 10:36:46 GMT","server":"ESF","cache-control":"private","x-xss-protection":"0","x-frame-options":"SAMEORIGIN","x-content-type-options":"nosniff","alt-svc":"h3=\":443\"; ma=2592000,h3-29=\":443\"; ma=2592000,h3-T051=\":443\"; ma=2592000,h3-Q050=\":443\"; ma=2592000,h3-Q046=\":443\"; ma=2592000,h3-Q043=\":443\"; ma=2592000,quic=\":443\"; ma=2592000; v=\"46,43\"","accept-ranges":"none","transfer-encoding":"chunked"}
[info] i  hosting[cake-fact]: beginning deploy... 
[info] i  hosting[cake-fact]: found 15 files in dist/cakeapp 
[debug] [2021-08-26T10:36:46.161Z] > refreshing access token with scopes: []
[debug] [2021-08-26T10:36:46.161Z] >>> HTTP REQUEST POST https://www.googleapis.com/oauth2/v3/token  
 <request body omitted>
[debug] [2021-08-26T10:36:46.162Z] [hosting] hash cache [ZGlzdC9jYWtlYXBw] stored for 15 files
[debug] [2021-08-26T10:36:46.163Z] [hosting][hash queue][FINAL] {"max":43,"min":7,"avg":11.333333333333336,"active":0,"complete":15,"success":15,"errored":0,"retried":0,"total":15,"elapsed":48}
[debug] [2021-08-26T10:36:46.456Z] <<< HTTP RESPONSE 200 {"cache-control":"no-cache, no-store, max-age=0, must-revalidate","pragma":"no-cache","date":"Thu, 26 Aug 2021 10:36:46 GMT","expires":"Mon, 01 Jan 1990 00:00:00 GMT","content-type":"application/json; charset=utf-8","vary":"X-Origin, Referer, Origin,Accept-Encoding","server":"scaffolding on HTTPServer2","x-xss-protection":"0","x-frame-options":"SAMEORIGIN","x-content-type-options":"nosniff","alt-svc":"h3=\":443\"; ma=2592000,h3-29=\":443\"; ma=2592000,h3-T051=\":443\"; ma=2592000,h3-Q050=\":443\"; ma=2592000,h3-Q046=\":443\"; ma=2592000,h3-Q043=\":443\"; ma=2592000,quic=\":443\"; ma=2592000; v=\"46,43\"","accept-ranges":"none","transfer-encoding":"chunked"}
[debug] [2021-08-26T10:36:46.512Z] >>> [apiv2][query] POST https://firebasehosting.googleapis.com/v1beta1/sites/cake-fact/versions/1a316d21cd4d0161:populateFiles [none]
[debug] [2021-08-26T10:36:46.512Z] >>> [apiv2][body] POST https://firebasehosting.googleapis.com/v1beta1/sites/cake-fact/versions/1a316d21cd4d0161:populateFiles {"files":{"/index.html":"f7e2ffef8d12a2fa4d8d85cef84ef39dfccf10cf46fdc838d400edd5ed5c2b31","/runtime.7c30948e5a76a6418fc8.js":"7f0256cc87692afb21c3fc629dd04d603697025341c98acede89c286cffb77ab","/3rdpartylicenses.txt":"52258fdb14a07c5e87342c3fe140accbb7d91ed7257998ec4a07c8c4d49bf740","/favicon.ico":"2693fbd2eee1be082265d3ccca8a8df1b54110f01083fdf6517cfcd3eca4c11c","/assets/logo.svg":"72d829f6a9ca4a2e04746b6efae4b6f046cee5400870bfa4adee7c67e292d849","/assets/favicons/android-chrome-192x192.png":"90b74ca00bb1c3dff770d77e75edf7af65157ad59eb4ad790a48bb11bd4908ec","/assets/favicons/apple-touch-icon.png":"0e185060b427cdf42dbafb6f2a196dbcc36419a0e46a6c739071d5bb52c2bc95","/polyfills.4d2d6bbbf137387fdecc.js":"ebf620f47794395d5669aca4e0d171de9dcdfa6cceb267d3aa388c4afbc165ce","/assets/favicons/favicon-16x16.png":"0980274c60e09ccc0c996f9794f4ffcab7faeabc4d0e67ae91d3b57108d9965d","/assets/favicons/favicon-32x32.png":"b4a3842117e3f97b114f37a51e5d1a71e190aa48a016c4bf8872c616bb65ec49","/assets/favicons/site.webmanifest":"438eab4e1bab8df855faa047301dcd8cce4c8a815a1527502b0efc2270ad77fd","/assets/favicons/favicon.ico":"c61cadda45a348e1ce3c74630762dcdf6416ee639d1b71b1501e0179f1e12c26","/assets/favicons/android-chrome-512x512.png":"0b2413abd306d84667f6b38bc88f51e17b02a88e713c566adb38a33eb8707b1c","/styles.a3a83f6874ddbccb39d6.css":"4b8e879b8a258b383deda1c6b7470e34d40ea8562b86c897560e6c6157922abd","/main.9ba043f7c90d753532e3.js":"7e4c0d6790b2e19e536b95c4fc12b15ff11c638180fdb1027f36138c95c6fa5e"}}
[debug] [2021-08-26T10:36:47.938Z] <<< [apiv2][status] POST https://firebasehosting.googleapis.com/v1beta1/sites/cake-fact/versions/1a316d21cd4d0161:populateFiles 200
[debug] [2021-08-26T10:36:47.938Z] <<< [apiv2][body] POST https://firebasehosting.googleapis.com/v1beta1/sites/cake-fact/versions/1a316d21cd4d0161:populateFiles {"uploadRequiredHashes":["7e4c0d6790b2e19e536b95c4fc12b15ff11c638180fdb1027f36138c95c6fa5e","f7e2ffef8d12a2fa4d8d85cef84ef39dfccf10cf46fdc838d400edd5ed5c2b31","4b8e879b8a258b383deda1c6b7470e34d40ea8562b86c897560e6c6157922abd"],"uploadUrl":"https://upload-firebasehosting.googleapis.com/upload/sites/cake-fact/versions/1a316d21cd4d0161/files"}
[debug] [2021-08-26T10:36:47.939Z] >>> [apiv2][query] POST https://upload-firebasehosting.googleapis.com/upload/sites/cake-fact/versions/1a316d21cd4d0161/files/7e4c0d6790b2e19e536b95c4fc12b15ff11c638180fdb1027f36138c95c6fa5e [none]
[debug] [2021-08-26T10:36:47.940Z] >>> [apiv2][body] POST https://upload-firebasehosting.googleapis.com/upload/sites/cake-fact/versions/1a316d21cd4d0161/files/7e4c0d6790b2e19e536b95c4fc12b15ff11c638180fdb1027f36138c95c6fa5e [stream]
[debug] [2021-08-26T10:36:47.941Z] >>> [apiv2][query] POST https://upload-firebasehosting.googleapis.com/upload/sites/cake-fact/versions/1a316d21cd4d0161/files/f7e2ffef8d12a2fa4d8d85cef84ef39dfccf10cf46fdc838d400edd5ed5c2b31 [none]
[debug] [2021-08-26T10:36:47.941Z] >>> [apiv2][body] POST https://upload-firebasehosting.googleapis.com/upload/sites/cake-fact/versions/1a316d21cd4d0161/files/f7e2ffef8d12a2fa4d8d85cef84ef39dfccf10cf46fdc838d400edd5ed5c2b31 [stream]
[debug] [2021-08-26T10:36:47.942Z] >>> [apiv2][query] POST https://upload-firebasehosting.googleapis.com/upload/sites/cake-fact/versions/1a316d21cd4d0161/files/4b8e879b8a258b383deda1c6b7470e34d40ea8562b86c897560e6c6157922abd [none]
[debug] [2021-08-26T10:36:47.942Z] >>> [apiv2][body] POST https://upload-firebasehosting.googleapis.com/upload/sites/cake-fact/versions/1a316d21cd4d0161/files/4b8e879b8a258b383deda1c6b7470e34d40ea8562b86c897560e6c6157922abd [stream]
[debug] [2021-08-26T10:36:47.943Z] [hosting][populate queue][FINAL] {"max":1779,"min":1779,"avg":1779,"active":0,"complete":1,"success":1,"errored":0,"retried":0,"total":1,"elapsed":1783}
[debug] [2021-08-26T10:36:47.943Z] [hosting] uploads queued: 3
[debug] [2021-08-26T10:36:49.542Z] <<< [apiv2][status] POST https://upload-firebasehosting.googleapis.com/upload/sites/cake-fact/versions/1a316d21cd4d0161/files/4b8e879b8a258b383deda1c6b7470e34d40ea8562b86c897560e6c6157922abd 200
[debug] [2021-08-26T10:36:49.543Z] <<< [apiv2][body] POST https://upload-firebasehosting.googleapis.com/upload/sites/cake-fact/versions/1a316d21cd4d0161/files/4b8e879b8a258b383deda1c6b7470e34d40ea8562b86c897560e6c6157922abd [stream]
[debug] [2021-08-26T10:36:49.663Z] <<< [apiv2][status] POST https://upload-firebasehosting.googleapis.com/upload/sites/cake-fact/versions/1a316d21cd4d0161/files/f7e2ffef8d12a2fa4d8d85cef84ef39dfccf10cf46fdc838d400edd5ed5c2b31 200
[debug] [2021-08-26T10:36:49.663Z] <<< [apiv2][body] POST https://upload-firebasehosting.googleapis.com/upload/sites/cake-fact/versions/1a316d21cd4d0161/files/f7e2ffef8d12a2fa4d8d85cef84ef39dfccf10cf46fdc838d400edd5ed5c2b31 [stream]
[debug] [2021-08-26T10:36:50.979Z] <<< [apiv2][status] POST https://upload-firebasehosting.googleapis.com/upload/sites/cake-fact/versions/1a316d21cd4d0161/files/7e4c0d6790b2e19e536b95c4fc12b15ff11c638180fdb1027f36138c95c6fa5e 200
[debug] [2021-08-26T10:36:50.979Z] <<< [apiv2][body] POST https://upload-firebasehosting.googleapis.com/upload/sites/cake-fact/versions/1a316d21cd4d0161/files/7e4c0d6790b2e19e536b95c4fc12b15ff11c638180fdb1027f36138c95c6fa5e [stream]
[debug] [2021-08-26T10:36:50.979Z] [hosting][upload queue][FINAL] {"max":3041,"min":1604,"avg":2123,"active":0,"complete":3,"success":3,"errored":0,"retried":0,"total":3,"elapsed":3041}
[info] ✔  hosting[cake-fact]: file upload complete 
[debug] [2021-08-26T10:36:50.979Z] [hosting] deploy completed after 4873ms
[debug] [2021-08-26T10:36:50.981Z] [
  {
    "config": {
      "public": "dist/cakeapp",
      "ignore": [
        "firebase.json",
        "**/.*",
        "**/node_modules/**"
      ],
      "rewrites": [
        {
          "source": "**",
          "destination": "/index.html"
        }
      ],
      "site": "cake-fact"
    },
    "site": "cake-fact",
    "version": "sites/cake-fact/versions/1a316d21cd4d0161"
  }
]
[info] i  hosting[cake-fact]: finalizing version... 
[debug] [2021-08-26T10:36:50.982Z] > refreshing access token with scopes: ["email","https://www.googleapis.com/auth/cloud-platform","https://www.googleapis.com/auth/cloudplatformprojects.readonly","https://www.googleapis.com/auth/firebase","openid"]
[debug] [2021-08-26T10:36:50.982Z] >>> HTTP REQUEST POST https://www.googleapis.com/oauth2/v3/token  
 <request body omitted>
[debug] [2021-08-26T10:36:51.285Z] <<< HTTP RESPONSE 200 {"cache-control":"no-cache, no-store, max-age=0, must-revalidate","expires":"Mon, 01 Jan 1990 00:00:00 GMT","date":"Thu, 26 Aug 2021 10:36:51 GMT","pragma":"no-cache","content-type":"application/json; charset=utf-8","vary":"X-Origin, Referer, Origin,Accept-Encoding","server":"scaffolding on HTTPServer2","x-xss-protection":"0","x-frame-options":"SAMEORIGIN","x-content-type-options":"nosniff","alt-svc":"h3=\":443\"; ma=2592000,h3-29=\":443\"; ma=2592000,h3-T051=\":443\"; ma=2592000,h3-Q050=\":443\"; ma=2592000,h3-Q046=\":443\"; ma=2592000,h3-Q043=\":443\"; ma=2592000,quic=\":443\"; ma=2592000; v=\"46,43\"","accept-ranges":"none","transfer-encoding":"chunked"}
[debug] [2021-08-26T10:36:51.333Z] >>> HTTP REQUEST PATCH https://firebasehosting.googleapis.com/v1beta1/sites/cake-fact/versions/1a316d21cd4d0161?updateMask=status  
 {"status":"FINALIZED"}
[debug] [2021-08-26T10:36:52.555Z] <<< HTTP RESPONSE 200 {"content-type":"application/json; charset=UTF-8","vary":"X-Origin, Referer, Origin,Accept-Encoding","date":"Thu, 26 Aug 2021 10:36:52 GMT","server":"ESF","cache-control":"private","x-xss-protection":"0","x-frame-options":"SAMEORIGIN","x-content-type-options":"nosniff","alt-svc":"h3=\":443\"; ma=2592000,h3-29=\":443\"; ma=2592000,h3-T051=\":443\"; ma=2592000,h3-Q050=\":443\"; ma=2592000,h3-Q046=\":443\"; ma=2592000,h3-Q043=\":443\"; ma=2592000,quic=\":443\"; ma=2592000; v=\"46,43\"","accept-ranges":"none","transfer-encoding":"chunked"}
[debug] [2021-08-26T10:36:52.555Z] [hosting] finalized version for cake-fact: {"name":"sites/cake-fact/versions/1a316d21cd4d0161","status":"FINALIZED","config":{"rewrites":[{"glob":"**","path":"/index.html"}]},"labels":{"deployment-tool":"cli-firebase"},"createTime":"2021-08-26T10:36:45.663750Z","createUser":{"email":"xadimjaxate@gmail.com"},"finalizeTime":"2021-08-26T10:36:52.646663Z","finalizeUser":{"email":"xadimjaxate@gmail.com"}}
[info] ✔  hosting[cake-fact]: version finalized 
[info] i  hosting[cake-fact]: releasing new version... 
[debug] [2021-08-26T10:36:52.556Z] >>> HTTP REQUEST POST https://firebasehosting.googleapis.com/v1beta1/sites/cake-fact/releases?version_name=sites/cake-fact/versions/1a316d21cd4d0161  
 {"message":null}
